<?xml version="1.0" encoding="UTF-8"?>
<!-- Generated by org.testng.reporters.JUnitReportReporter -->
<testsuite hostname="Saikats-MBP.fios-router.home" name="com.selenium.facebook.pom.testcases.ChangePasswordTest" tests="1" failures="0" timestamp="7 Aug 2017 01:40:51 GMT" time="0.998" errors="0">
  <testcase name="test_ChangePassword" time="0.998" classname="com.selenium.facebook.pom.testcases.ChangePasswordTest"/>
</testsuite> <!-- com.selenium.facebook.pom.testcases.ChangePasswordTest -->
