<?xml version="1.0" encoding="UTF-8"?>
<!-- Generated by org.testng.reporters.JUnitReportReporter -->
<testsuite hostname="Saikats-MBP.fios-router.home" name="com.selenium.facebook.pom.testcases.Sample_ProfileTest" tests="1" failures="0" timestamp="3 Aug 2017 13:59:32 GMT" time="4.346" errors="0">
  <testcase name="test_profile" time="4.346" classname="com.selenium.facebook.pom.testcases.Sample_ProfileTest"/>
</testsuite> <!-- com.selenium.facebook.pom.testcases.Sample_ProfileTest -->
