<?xml version="1.0" encoding="UTF-8"?>
<!-- Generated by org.testng.reporters.JUnitReportReporter -->
<testsuite hostname="Saikats-MBP.fios-router.home" name="mmodule12.Gmail" tests="1" failures="0" timestamp="29 Sep 2017 00:05:43 GMT" time="11.873" errors="0">
  <testcase name="loginGmail" time="11.873" classname="mmodule12.Gmail"/>
</testsuite> <!-- mmodule12.Gmail -->
